Tunning 3dcnn
NEW TEST:
	LR: 0.001
	MOMENTUM: 0.4
	WEIGHT DECAY: 0.01
	EPOCHS RANGE: 10
	USING ADAM OPTIMIZER: False
	USING CE LOSS FUNCTION: False
Best accuracy while training: 5.98%
At the moment best hyperparameters: (0.001, 0.4, 0.01, 10, False, False)
NEW TEST:
	LR: 0.001
	MOMENTUM: 0.4
	WEIGHT DECAY: 0.01
	EPOCHS RANGE: 10
	USING ADAM OPTIMIZER: False
	USING CE LOSS FUNCTION: True
Best accuracy while training: 38.46%
At the moment best hyperparameters: (0.001, 0.4, 0.01, 10, False, True)
NEW TEST:
	LR: 0.001
	MOMENTUM: 0.4
	WEIGHT DECAY: 0.01
	EPOCHS RANGE: 10
	USING ADAM OPTIMIZER: True
	USING CE LOSS FUNCTION: False
Best accuracy while training: 5.13%
NEW TEST:
	LR: 0.001
	MOMENTUM: 0.4
	WEIGHT DECAY: 0.01
	EPOCHS RANGE: 10
	USING ADAM OPTIMIZER: True
	USING CE LOSS FUNCTION: True
Best accuracy while training: 5.13%
NEW TEST:
	LR: 0.001
	MOMENTUM: 0.4
	WEIGHT DECAY: 0.01
	EPOCHS RANGE: 20
	USING ADAM OPTIMIZER: False
	USING CE LOSS FUNCTION: False
Best accuracy while training: 7.69%
NEW TEST:
	LR: 0.001
	MOMENTUM: 0.4
	WEIGHT DECAY: 0.01
	EPOCHS RANGE: 20
	USING ADAM OPTIMIZER: False
	USING CE LOSS FUNCTION: True
Best accuracy while training: 82.05%
At the moment best hyperparameters: (0.001, 0.4, 0.01, 20, False, True)
NEW TEST:
	LR: 0.001
	MOMENTUM: 0.4
	WEIGHT DECAY: 0.01
	EPOCHS RANGE: 20
	USING ADAM OPTIMIZER: True
	USING CE LOSS FUNCTION: False
Best accuracy while training: 5.13%
NEW TEST:
	LR: 0.001
	MOMENTUM: 0.4
	WEIGHT DECAY: 0.01
	EPOCHS RANGE: 20
	USING ADAM OPTIMIZER: True
	USING CE LOSS FUNCTION: True
Best accuracy while training: 5.98%
NEW TEST:
	LR: 0.001
	MOMENTUM: 0.4
	WEIGHT DECAY: 0.01
	EPOCHS RANGE: 30
	USING ADAM OPTIMIZER: False
	USING CE LOSS FUNCTION: False
Best accuracy while training: 7.69%
NEW TEST:
	LR: 0.001
	MOMENTUM: 0.4
	WEIGHT DECAY: 0.01
	EPOCHS RANGE: 30
	USING ADAM OPTIMIZER: False
	USING CE LOSS FUNCTION: True
Best accuracy while training: 90.60%
At the moment best hyperparameters: (0.001, 0.4, 0.01, 30, False, True)
NEW TEST:
	LR: 0.001
	MOMENTUM: 0.4
	WEIGHT DECAY: 0.01
	EPOCHS RANGE: 30
	USING ADAM OPTIMIZER: True
	USING CE LOSS FUNCTION: False
Best accuracy while training: 4.27%
NEW TEST:
	LR: 0.001
	MOMENTUM: 0.4
	WEIGHT DECAY: 0.01
	EPOCHS RANGE: 30
	USING ADAM OPTIMIZER: True
	USING CE LOSS FUNCTION: True
Best accuracy while training: 6.84%
NEW TEST:
	LR: 0.001
	MOMENTUM: 0.4
	WEIGHT DECAY: 0.01
	EPOCHS RANGE: 50
	USING ADAM OPTIMIZER: False
	USING CE LOSS FUNCTION: False
Best accuracy while training: 5.13%
NEW TEST:
	LR: 0.001
	MOMENTUM: 0.4
	WEIGHT DECAY: 0.01
	EPOCHS RANGE: 50
	USING ADAM OPTIMIZER: False
	USING CE LOSS FUNCTION: True
Best accuracy while training: 99.15%
At the moment best hyperparameters: (0.001, 0.4, 0.01, 50, False, True)
NEW TEST:
	LR: 0.001
	MOMENTUM: 0.4
	WEIGHT DECAY: 0.01
	EPOCHS RANGE: 50
	USING ADAM OPTIMIZER: True
	USING CE LOSS FUNCTION: False
Best accuracy while training: 5.13%
NEW TEST:
	LR: 0.001
	MOMENTUM: 0.4
	WEIGHT DECAY: 0.01
	EPOCHS RANGE: 50
	USING ADAM OPTIMIZER: True
	USING CE LOSS FUNCTION: True
Best accuracy while training: 16.24%
NEW TEST:
	LR: 0.001
	MOMENTUM: 0.4
	WEIGHT DECAY: 0.001
	EPOCHS RANGE: 10
	USING ADAM OPTIMIZER: False
	USING CE LOSS FUNCTION: False
Best accuracy while training: 10.26%
NEW TEST:
	LR: 0.001
	MOMENTUM: 0.4
	WEIGHT DECAY: 0.001
	EPOCHS RANGE: 10
	USING ADAM OPTIMIZER: False
	USING CE LOSS FUNCTION: True
Best accuracy while training: 25.64%
NEW TEST:
	LR: 0.001
	MOMENTUM: 0.4
	WEIGHT DECAY: 0.001
	EPOCHS RANGE: 10
	USING ADAM OPTIMIZER: True
	USING CE LOSS FUNCTION: False
Best accuracy while training: 5.13%
NEW TEST:
	LR: 0.001
	MOMENTUM: 0.4
	WEIGHT DECAY: 0.001
	EPOCHS RANGE: 10
	USING ADAM OPTIMIZER: True
	USING CE LOSS FUNCTION: True
Best accuracy while training: 6.84%
NEW TEST:
	LR: 0.001
	MOMENTUM: 0.4
	WEIGHT DECAY: 0.001
	EPOCHS RANGE: 20
	USING ADAM OPTIMIZER: False
	USING CE LOSS FUNCTION: False
Best accuracy while training: 5.98%
NEW TEST:
	LR: 0.001
	MOMENTUM: 0.4
	WEIGHT DECAY: 0.001
	EPOCHS RANGE: 20
	USING ADAM OPTIMIZER: False
	USING CE LOSS FUNCTION: True
Best accuracy while training: 78.63%
NEW TEST:
	LR: 0.001
	MOMENTUM: 0.4
	WEIGHT DECAY: 0.001
	EPOCHS RANGE: 20
	USING ADAM OPTIMIZER: True
	USING CE LOSS FUNCTION: False
Best accuracy while training: 5.13%
NEW TEST:
	LR: 0.001
	MOMENTUM: 0.4
	WEIGHT DECAY: 0.001
	EPOCHS RANGE: 20
	USING ADAM OPTIMIZER: True
	USING CE LOSS FUNCTION: True
Best accuracy while training: 7.69%
NEW TEST:
	LR: 0.001
	MOMENTUM: 0.4
	WEIGHT DECAY: 0.001
	EPOCHS RANGE: 30
	USING ADAM OPTIMIZER: False
	USING CE LOSS FUNCTION: False
Best accuracy while training: 9.40%
NEW TEST:
	LR: 0.001
	MOMENTUM: 0.4
	WEIGHT DECAY: 0.001
	EPOCHS RANGE: 30
	USING ADAM OPTIMIZER: False
	USING CE LOSS FUNCTION: True
Best accuracy while training: 88.03%
NEW TEST:
	LR: 0.001
	MOMENTUM: 0.4
	WEIGHT DECAY: 0.001
	EPOCHS RANGE: 30
	USING ADAM OPTIMIZER: True
	USING CE LOSS FUNCTION: False
Best accuracy while training: 4.27%
NEW TEST:
	LR: 0.001
	MOMENTUM: 0.4
	WEIGHT DECAY: 0.001
	EPOCHS RANGE: 30
	USING ADAM OPTIMIZER: True
	USING CE LOSS FUNCTION: True
Best accuracy while training: 7.69%
NEW TEST:
	LR: 0.001
	MOMENTUM: 0.4
	WEIGHT DECAY: 0.001
	EPOCHS RANGE: 50
	USING ADAM OPTIMIZER: False
	USING CE LOSS FUNCTION: False
Best accuracy while training: 7.69%
NEW TEST:
	LR: 0.001
	MOMENTUM: 0.4
	WEIGHT DECAY: 0.001
	EPOCHS RANGE: 50
	USING ADAM OPTIMIZER: False
	USING CE LOSS FUNCTION: True
Best accuracy while training: 94.02%
NEW TEST:
	LR: 0.001
	MOMENTUM: 0.4
	WEIGHT DECAY: 0.001
	EPOCHS RANGE: 50
	USING ADAM OPTIMIZER: True
	USING CE LOSS FUNCTION: False
NEW TEST:
	LR: 0.2
	MOMENTUM: 0.3
	WEIGHT DECAY: 0.01
	EPOCHS RANGE: 20
	USING ADAM OPTIMIZER: False
	USING CE LOSS FUNCTION: False
Best accuracy while training: 2.56%
At the moment best hyperparameters: (0.2, 0.3, 0.01, 20, False, False)
NEW TEST:
	LR: 0.2
	MOMENTUM: 0.3
	WEIGHT DECAY: 0.01
	EPOCHS RANGE: 20
	USING ADAM OPTIMIZER: False
	USING CE LOSS FUNCTION: True
Best accuracy while training: 71.79%
At the moment best hyperparameters: (0.2, 0.3, 0.01, 20, False, True)
NEW TEST:
	LR: 0.2
	MOMENTUM: 0.3
	WEIGHT DECAY: 0.01
	EPOCHS RANGE: 20
	USING ADAM OPTIMIZER: True
	USING CE LOSS FUNCTION: False
Best accuracy while training: 2.56%
NEW TEST:
	LR: 0.2
	MOMENTUM: 0.3
	WEIGHT DECAY: 0.01
	EPOCHS RANGE: 20
	USING ADAM OPTIMIZER: True
	USING CE LOSS FUNCTION: True
Best accuracy while training: 5.13%
NEW TEST:
	LR: 0.2
	MOMENTUM: 0.3
	WEIGHT DECAY: 0.01
	EPOCHS RANGE: 30
	USING ADAM OPTIMIZER: False
	USING CE LOSS FUNCTION: False
Best accuracy while training: 2.56%
NEW TEST:
	LR: 0.2
	MOMENTUM: 0.3
	WEIGHT DECAY: 0.01
	EPOCHS RANGE: 30
	USING ADAM OPTIMIZER: False
	USING CE LOSS FUNCTION: True
Best accuracy while training: 85.47%
At the moment best hyperparameters: (0.2, 0.3, 0.01, 30, False, True)
NEW TEST:
	LR: 0.2
	MOMENTUM: 0.3
	WEIGHT DECAY: 0.01
	EPOCHS RANGE: 30
	USING ADAM OPTIMIZER: True
	USING CE LOSS FUNCTION: False
Best accuracy while training: 2.56%
NEW TEST:
	LR: 0.2
	MOMENTUM: 0.3
	WEIGHT DECAY: 0.01
	EPOCHS RANGE: 30
	USING ADAM OPTIMIZER: True
	USING CE LOSS FUNCTION: True
Best accuracy while training: 4.27%
NEW TEST:
	LR: 0.2
	MOMENTUM: 0.3
	WEIGHT DECAY: 0.01
	EPOCHS RANGE: 50
	USING ADAM OPTIMIZER: False
	USING CE LOSS FUNCTION: False
Best accuracy while training: 2.56%
NEW TEST:
	LR: 0.2
	MOMENTUM: 0.3
	WEIGHT DECAY: 0.01
	EPOCHS RANGE: 50
	USING ADAM OPTIMIZER: False
	USING CE LOSS FUNCTION: True
Best accuracy while training: 88.89%
At the moment best hyperparameters: (0.2, 0.3, 0.01, 50, False, True)
NEW TEST:
	LR: 0.2
	MOMENTUM: 0.3
	WEIGHT DECAY: 0.01
	EPOCHS RANGE: 50
	USING ADAM OPTIMIZER: True
	USING CE LOSS FUNCTION: False
Best accuracy while training: 2.56%
NEW TEST:
	LR: 0.2
	MOMENTUM: 0.3
	WEIGHT DECAY: 0.01
	EPOCHS RANGE: 50
	USING ADAM OPTIMIZER: True
	USING CE LOSS FUNCTION: True
Best accuracy while training: 5.13%
NEW TEST:
	LR: 0.2
	MOMENTUM: 0.3
	WEIGHT DECAY: 0.001
	EPOCHS RANGE: 20
	USING ADAM OPTIMIZER: False
	USING CE LOSS FUNCTION: False
Best accuracy while training: 2.56%
NEW TEST:
	LR: 0.2
	MOMENTUM: 0.3
	WEIGHT DECAY: 0.001
	EPOCHS RANGE: 20
	USING ADAM OPTIMIZER: False
	USING CE LOSS FUNCTION: True
Best accuracy while training: 97.44%
At the moment best hyperparameters: (0.2, 0.3, 0.001, 20, False, True)
NEW TEST:
	LR: 0.2
	MOMENTUM: 0.3
	WEIGHT DECAY: 0.001
	EPOCHS RANGE: 20
	USING ADAM OPTIMIZER: True
	USING CE LOSS FUNCTION: False
Best accuracy while training: 2.56%
NEW TEST:
	LR: 0.2
	MOMENTUM: 0.3
	WEIGHT DECAY: 0.001
	EPOCHS RANGE: 20
	USING ADAM OPTIMIZER: True
	USING CE LOSS FUNCTION: True
Best accuracy while training: 5.13%
NEW TEST:
	LR: 0.2
	MOMENTUM: 0.3
	WEIGHT DECAY: 0.001
	EPOCHS RANGE: 30
	USING ADAM OPTIMIZER: False
	USING CE LOSS FUNCTION: False
Best accuracy while training: 2.56%
NEW TEST:
	LR: 0.2
	MOMENTUM: 0.3
	WEIGHT DECAY: 0.001
	EPOCHS RANGE: 30
	USING ADAM OPTIMIZER: False
	USING CE LOSS FUNCTION: True
Best accuracy while training: 85.47%
NEW TEST:
	LR: 0.2
	MOMENTUM: 0.3
	WEIGHT DECAY: 0.001
	EPOCHS RANGE: 30
	USING ADAM OPTIMIZER: True
	USING CE LOSS FUNCTION: False
Best accuracy while training: 2.56%
NEW TEST:
	LR: 0.2
	MOMENTUM: 0.3
	WEIGHT DECAY: 0.001
	EPOCHS RANGE: 30
	USING ADAM OPTIMIZER: True
	USING CE LOSS FUNCTION: True
Best accuracy while training: 5.13%
NEW TEST:
	LR: 0.2
	MOMENTUM: 0.3
	WEIGHT DECAY: 0.001
	EPOCHS RANGE: 50
	USING ADAM OPTIMIZER: False
	USING CE LOSS FUNCTION: False
Best accuracy while training: 2.56%
NEW TEST:
	LR: 0.2
	MOMENTUM: 0.3
	WEIGHT DECAY: 0.001
	EPOCHS RANGE: 50
	USING ADAM OPTIMIZER: False
	USING CE LOSS FUNCTION: True
Best accuracy while training: 76.92%
